Lmod has detected the following error: These module(s) exist but cannot be
loaded as requested: "bzip2/1.0.6-intel-2017.u2-GCC-6.2.0-CUDA9"
   Try: "module spider bzip2/1.0.6-intel-2017.u2-GCC-6.2.0-CUDA9" to see how to
load the module(s).



Requirement already satisfied: keras in ./.local/lib/python3.6/site-packages (2.2.2)
Requirement already satisfied: pyyaml in ./.local/lib/python3.6/site-packages (from keras) (3.13)
Requirement already satisfied: h5py in ./.local/lib/python3.6/site-packages (from keras) (2.8.0)
Requirement already satisfied: keras-preprocessing==1.0.2 in ./.local/lib/python3.6/site-packages (from keras) (1.0.2)
Requirement already satisfied: numpy>=1.9.1 in ./.local/lib/python3.6/site-packages (from keras) (1.15.2)
Requirement already satisfied: scipy>=0.14 in /usr/local/easybuild/software/Python/3.6.4-intel-2017.u2/lib/python3.6/site-packages (from keras) (1.1.0)
Requirement already satisfied: keras-applications==1.0.4 in ./.local/lib/python3.6/site-packages (from keras) (1.0.4)
Requirement already satisfied: six>=1.9.0 in /usr/local/easybuild/software/Python/3.6.4-intel-2017.u2/lib/python3.6/site-packages/six-1.11.0-py3.6.egg (from keras) (1.11.0)
Requirement already satisfied: sklearn in ./.local/lib/python3.6/site-packages (0.0)
Requirement already satisfied: scikit-learn in ./.local/lib/python3.6/site-packages (from sklearn) (0.20.0)
Requirement already satisfied: numpy>=1.8.2 in ./.local/lib/python3.6/site-packages (from scikit-learn->sklearn) (1.15.2)
Requirement already satisfied: scipy>=0.13.3 in /usr/local/easybuild/software/Python/3.6.4-intel-2017.u2/lib/python3.6/site-packages (from scikit-learn->sklearn) (1.1.0)
2018-10-25 17:18:49.468825: I tensorflow/core/platform/cpu_feature_guard.cc:141] Your CPU supports instructions that this TensorFlow binary was not compiled to use: AVX2 FMA
2018-10-25 17:18:49.468302: I tensorflow/core/platform/cpu_feature_guard.cc:141] Your CPU supports instructions that this TensorFlow binary was not compiled to use: AVX2 FMA
2018-10-25 17:18:49.468122: I tensorflow/core/platform/cpu_feature_guard.cc:141] Your CPU supports instructions that this TensorFlow binary was not compiled to use: AVX2 FMA
2018-10-25 17:18:49.468736: I tensorflow/core/platform/cpu_feature_guard.cc:141] Your CPU supports instructions that this TensorFlow binary was not compiled to use: AVX2 FMA
Train on 600 samples, validate on 150 samples
Epoch 1/100

 64/600 [==>...........................] - ETA: 18s - loss: 1.1720 - acc: 0.6875Train on 600 samples, validate on 150 samples
Epoch 1/100

 64/600 [==>...........................] - ETA: 18s - loss: 1.5986 - acc: 0.5938Train on 600 samples, validate on 150 samples
Epoch 1/100

 64/600 [==>...........................] - ETA: 18s - loss: 1.2356 - acc: 0.6719Train on 600 samples, validate on 150 samples
Epoch 1/100

 64/600 [==>...........................] - ETA: 18s - loss: 1.1226 - acc: 0.7188
128/600 [=====>........................] - ETA: 10s - loss: 1.1155 - acc: 0.7578
128/600 [=====>........................] - ETA: 10s - loss: 1.3117 - acc: 0.6719
128/600 [=====>........................] - ETA: 10s - loss: 1.3860 - acc: 0.6562
128/600 [=====>........................] - ETA: 11s - loss: 1.3092 - acc: 0.6719
192/600 [========>.....................] - ETA: 7s - loss: 1.2767 - acc: 0.6771 
192/600 [========>.....................] - ETA: 7s - loss: 1.2405 - acc: 0.6875 
192/600 [========>.....................] - ETA: 7s - loss: 1.1155 - acc: 0.7240 
192/600 [========>.....................] - ETA: 7s - loss: 1.3419 - acc: 0.6458 
256/600 [===========>..................] - ETA: 6s - loss: 1.3694 - acc: 0.6523
256/600 [===========>..................] - ETA: 6s - loss: 1.2452 - acc: 0.6836
256/600 [===========>..................] - ETA: 6s - loss: 1.1610 - acc: 0.7109
256/600 [===========>..................] - ETA: 6s - loss: 1.3209 - acc: 0.6484
320/600 [===============>..............] - ETA: 4s - loss: 1.2567 - acc: 0.6875
320/600 [===============>..............] - ETA: 4s - loss: 1.3622 - acc: 0.6594
320/600 [===============>..............] - ETA: 4s - loss: 1.1886 - acc: 0.6906
320/600 [===============>..............] - ETA: 4s - loss: 1.3171 - acc: 0.6531
384/600 [==================>...........] - ETA: 3s - loss: 1.2298 - acc: 0.6901
384/600 [==================>...........] - ETA: 3s - loss: 1.2971 - acc: 0.6615
384/600 [==================>...........] - ETA: 3s - loss: 1.2950 - acc: 0.6693
384/600 [==================>...........] - ETA: 3s - loss: 1.2612 - acc: 0.6745
448/600 [=====================>........] - ETA: 2s - loss: 1.2225 - acc: 0.6897
448/600 [=====================>........] - ETA: 2s - loss: 1.3155 - acc: 0.6585
448/600 [=====================>........] - ETA: 2s - loss: 1.2619 - acc: 0.6763
448/600 [=====================>........] - ETA: 2s - loss: 1.3245 - acc: 0.6562
512/600 [========================>.....] - ETA: 1s - loss: 1.2222 - acc: 0.6895
512/600 [========================>.....] - ETA: 1s - loss: 1.3438 - acc: 0.6504
512/600 [========================>.....] - ETA: 1s - loss: 1.3282 - acc: 0.6602
512/600 [========================>.....] - ETA: 1s - loss: 1.2986 - acc: 0.6582
576/600 [===========================>..] - ETA: 0s - loss: 1.2284 - acc: 0.6840
576/600 [===========================>..] - ETA: 0s - loss: 1.3175 - acc: 0.6597
576/600 [===========================>..] - ETA: 0s - loss: 1.3158 - acc: 0.6510
576/600 [===========================>..] - ETA: 0s - loss: 1.3029 - acc: 0.6562
600/600 [==============================] - 9s 15ms/step - loss: 1.2561 - acc: 0.6817 - val_loss: 1.3756 - val_acc: 0.5600

600/600 [==============================] - 9s 15ms/step - loss: 1.3249 - acc: 0.6583 - val_loss: 1.6328 - val_acc: 0.5867

600/600 [==============================] - 9s 15ms/step - loss: 1.2974 - acc: 0.6567 - val_loss: 1.3500 - val_acc: 0.6267

600/600 [==============================] - 9s 15ms/step - loss: 1.2893 - acc: 0.6567 - val_loss: 1.5732 - val_acc: 0.6200
Epoch 2/100

 64/600 [==>...........................] - ETA: 6s - loss: 1.0114 - acc: 0.7500Epoch 2/100

 64/600 [==>...........................] - ETA: 6s - loss: 1.0896 - acc: 0.7188Epoch 2/100

 64/600 [==>...........................] - ETA: 6s - loss: 1.1767 - acc: 0.6094Epoch 2/100

 64/600 [==>...........................] - ETA: 6s - loss: 0.8567 - acc: 0.7969
128/600 [=====>........................] - ETA: 5s - loss: 0.9698 - acc: 0.7500
128/600 [=====>........................] - ETA: 5s - loss: 0.9856 - acc: 0.7422
128/600 [=====>........................] - ETA: 5s - loss: 0.9290 - acc: 0.6875
128/600 [=====>........................] - ETA: 5s - loss: 0.8690 - acc: 0.7656
192/600 [========>.....................] - ETA: 4s - loss: 0.9070 - acc: 0.7552
192/600 [========>.....................] - ETA: 4s - loss: 1.0310 - acc: 0.7083
192/600 [========>.....................] - ETA: 4s - loss: 0.8881 - acc: 0.7240
192/600 [========>.....................] - ETA: 4s - loss: 0.8475 - acc: 0.7760
256/600 [===========>..................] - ETA: 4s - loss: 0.9219 - acc: 0.7539
256/600 [===========>..................] - ETA: 4s - loss: 0.9611 - acc: 0.7188
256/600 [===========>..................] - ETA: 4s - loss: 0.9098 - acc: 0.7188
256/600 [===========>..................] - ETA: 4s - loss: 0.8126 - acc: 0.7812
320/600 [===============>..............] - ETA: 3s - loss: 0.9287 - acc: 0.7375
320/600 [===============>..............] - ETA: 3s - loss: 0.9162 - acc: 0.7344
320/600 [===============>..............] - ETA: 3s - loss: 0.9046 - acc: 0.7188
320/600 [===============>..............] - ETA: 3s - loss: 0.8418 - acc: 0.7594
384/600 [==================>...........] - ETA: 2s - loss: 0.9131 - acc: 0.7422
384/600 [==================>...........] - ETA: 2s - loss: 0.9140 - acc: 0.7370
384/600 [==================>...........] - ETA: 2s - loss: 0.9004 - acc: 0.7188
384/600 [==================>...........] - ETA: 2s - loss: 0.8453 - acc: 0.7578
448/600 [=====================>........] - ETA: 1s - loss: 0.9310 - acc: 0.7254
448/600 [=====================>........] - ETA: 1s - loss: 0.9229 - acc: 0.7277
448/600 [=====================>........] - ETA: 1s - loss: 0.9158 - acc: 0.7143
448/600 [=====================>........] - ETA: 1s - loss: 0.8913 - acc: 0.7366
512/600 [========================>.....] - ETA: 1s - loss: 0.9396 - acc: 0.7266
512/600 [========================>.....] - ETA: 1s - loss: 0.9489 - acc: 0.7168
512/600 [========================>.....] - ETA: 1s - loss: 0.9157 - acc: 0.7188
512/600 [========================>.....] - ETA: 1s - loss: 0.9092 - acc: 0.7246
576/600 [===========================>..] - ETA: 0s - loss: 0.9478 - acc: 0.7205
576/600 [===========================>..] - ETA: 0s - loss: 0.9487 - acc: 0.7170
576/600 [===========================>..] - ETA: 0s - loss: 0.9005 - acc: 0.7153
576/600 [===========================>..] - ETA: 0s - loss: 0.9217 - acc: 0.7135
600/600 [==============================] - 8s 13ms/step - loss: 0.9377 - acc: 0.7217 - val_loss: 1.5054 - val_acc: 0.5533

600/600 [==============================] - 8s 13ms/step - loss: 0.9552 - acc: 0.7133 - val_loss: 1.5197 - val_acc: 0.5867

600/600 [==============================] - 8s 13ms/step - loss: 0.8951 - acc: 0.7167 - val_loss: 1.5732 - val_acc: 0.5800

600/600 [==============================] - 8s 13ms/step - loss: 0.9205 - acc: 0.7117 - val_loss: 1.6527 - val_acc: 0.6200
Epoch 3/100

 64/600 [==>...........................] - ETA: 6s - loss: 0.8802 - acc: 0.7031Epoch 3/100

 64/600 [==>...........................] - ETA: 6s - loss: 0.8887 - acc: 0.6406Epoch 3/100

 64/600 [==>...........................] - ETA: 6s - loss: 0.9058 - acc: 0.7188Epoch 3/100

 64/600 [==>...........................] - ETA: 6s - loss: 0.8375 - acc: 0.6875
128/600 [=====>........................] - ETA: 5s - loss: 0.8557 - acc: 0.7344
128/600 [=====>........................] - ETA: 5s - loss: 0.7756 - acc: 0.7344
128/600 [=====>........................] - ETA: 5s - loss: 0.8141 - acc: 0.7422
128/600 [=====>........................] - ETA: 5s - loss: 0.8139 - acc: 0.7344
192/600 [========>.....................] - ETA: 4s - loss: 0.7608 - acc: 0.7708
192/600 [========>.....................] - ETA: 4s - loss: 0.7717 - acc: 0.7344
192/600 [========>.....................] - ETA: 4s - loss: 0.7605 - acc: 0.7500
192/600 [========>.....................] - ETA: 4s - loss: 0.7847 - acc: 0.7552
256/600 [===========>..................] - ETA: 3s - loss: 0.6859 - acc: 0.7891
256/600 [===========>..................] - ETA: 4s - loss: 0.7241 - acc: 0.7578
256/600 [===========>..................] - ETA: 4s - loss: 0.7715 - acc: 0.7422
256/600 [===========>..................] - ETA: 4s - loss: 0.7260 - acc: 0.7656
320/600 [===============>..............] - ETA: 3s - loss: 0.6665 - acc: 0.7969
320/600 [===============>..............] - ETA: 3s - loss: 0.7051 - acc: 0.7688
320/600 [===============>..............] - ETA: 3s - loss: 0.8049 - acc: 0.7344
320/600 [===============>..............] - ETA: 3s - loss: 0.7529 - acc: 0.7594
384/600 [==================>...........] - ETA: 2s - loss: 0.6938 - acc: 0.7865
384/600 [==================>...........] - ETA: 2s - loss: 0.7290 - acc: 0.7604
384/600 [==================>...........] - ETA: 2s - loss: 0.8043 - acc: 0.7266
384/600 [==================>...........] - ETA: 2s - loss: 0.7260 - acc: 0.7682
448/600 [=====================>........] - ETA: 1s - loss: 0.7276 - acc: 0.7723
448/600 [=====================>........] - ETA: 1s - loss: 0.7331 - acc: 0.7589
448/600 [=====================>........] - ETA: 1s - loss: 0.7839 - acc: 0.7299
448/600 [=====================>........] - ETA: 1s - loss: 0.7318 - acc: 0.7634
512/600 [========================>.....] - ETA: 1s - loss: 0.7369 - acc: 0.7695
512/600 [========================>.....] - ETA: 1s - loss: 0.7481 - acc: 0.7539
512/600 [========================>.....] - ETA: 1s - loss: 0.7676 - acc: 0.7383
512/600 [========================>.....] - ETA: 1s - loss: 0.7442 - acc: 0.7520
576/600 [===========================>..] - ETA: 0s - loss: 0.7727 - acc: 0.7535
576/600 [===========================>..] - ETA: 0s - loss: 0.7537 - acc: 0.7483
576/600 [===========================>..] - ETA: 0s - loss: 0.7554 - acc: 0.7431
576/600 [===========================>..] - ETA: 0s - loss: 0.7447 - acc: 0.7622
600/600 [==============================] - 8s 13ms/step - loss: 0.7630 - acc: 0.7533 - val_loss: 1.6719 - val_acc: 0.5600

600/600 [==============================] - 8s 13ms/step - loss: 0.7557 - acc: 0.7450 - val_loss: 1.6200 - val_acc: 0.5933

600/600 [==============================] - 8s 13ms/step - loss: 0.7558 - acc: 0.7483 - val_loss: 1.7349 - val_acc: 0.5800

600/600 [==============================] - 8s 13ms/step - loss: 0.7469 - acc: 0.7583 - val_loss: 1.6923 - val_acc: 0.5267
Epoch 4/100

 64/600 [==>...........................] - ETA: 6s - loss: 0.5254 - acc: 0.8125Epoch 4/100

 64/600 [==>...........................] - ETA: 6s - loss: 0.5886 - acc: 0.7969Epoch 4/100

 64/600 [==>...........................] - ETA: 6s - loss: 0.9753 - acc: 0.7188Epoch 4/100

 64/600 [==>...........................] - ETA: 6s - loss: 0.5837 - acc: 0.7969
128/600 [=====>........................] - ETA: 5s - loss: 0.4892 - acc: 0.8203
128/600 [=====>........................] - ETA: 5s - loss: 0.5133 - acc: 0.8281
128/600 [=====>........................] - ETA: 5s - loss: 0.7960 - acc: 0.7656
128/600 [=====>........................] - ETA: 5s - loss: 0.6343 - acc: 0.7734
192/600 [========>.....................] - ETA: 4s - loss: 0.5816 - acc: 0.7969
192/600 [========>.....................] - ETA: 4s - loss: 0.5593 - acc: 0.8073
192/600 [========>.....................] - ETA: 4s - loss: 0.7134 - acc: 0.7865
192/600 [========>.....................] - ETA: 4s - loss: 0.6194 - acc: 0.7969
256/600 [===========>..................] - ETA: 4s - loss: 0.6675 - acc: 0.7656
256/600 [===========>..................] - ETA: 4s - loss: 0.5782 - acc: 0.8047
256/600 [===========>..................] - ETA: 4s - loss: 0.6976 - acc: 0.8008
256/600 [===========>..................] - ETA: 4s - loss: 0.6623 - acc: 0.7930
320/600 [===============>..............] - ETA: 3s - loss: 0.7430 - acc: 0.7500
320/600 [===============>..............] - ETA: 3s - loss: 0.6652 - acc: 0.8063
320/600 [===============>..............] - ETA: 3s - loss: 0.5870 - acc: 0.8063
320/600 [===============>..............] - ETA: 3s - loss: 0.6170 - acc: 0.8094
384/600 [==================>...........] - ETA: 2s - loss: 0.7335 - acc: 0.7552
384/600 [==================>...........] - ETA: 2s - loss: 0.5672 - acc: 0.8073
384/600 [==================>...........] - ETA: 2s - loss: 0.6636 - acc: 0.8021
384/600 [==================>...........] - ETA: 2s - loss: 0.6124 - acc: 0.8099
448/600 [=====================>........] - ETA: 1s - loss: 0.7125 - acc: 0.7612
448/600 [=====================>........] - ETA: 1s - loss: 0.6105 - acc: 0.7991
448/600 [=====================>........] - ETA: 1s - loss: 0.6707 - acc: 0.7924
448/600 [=====================>........] - ETA: 1s - loss: 0.6406 - acc: 0.8013
512/600 [========================>.....] - ETA: 1s - loss: 0.6880 - acc: 0.7715
512/600 [========================>.....] - ETA: 1s - loss: 0.6111 - acc: 0.7949
512/600 [========================>.....] - ETA: 1s - loss: 0.6959 - acc: 0.7852
512/600 [========================>.....] - ETA: 1s - loss: 0.6738 - acc: 0.7891
576/600 [===========================>..] - ETA: 0s - loss: 0.6461 - acc: 0.7830
576/600 [===========================>..] - ETA: 0s - loss: 0.6154 - acc: 0.7969
576/600 [===========================>..] - ETA: 0s - loss: 0.7156 - acc: 0.7795
576/600 [===========================>..] - ETA: 0s - loss: 0.6705 - acc: 0.7882
600/600 [==============================] - 8s 13ms/step - loss: 0.6461 - acc: 0.7817 - val_loss: 1.7730 - val_acc: 0.5600

600/600 [==============================] - 8s 13ms/step - loss: 0.7044 - acc: 0.7833 - val_loss: 1.5086 - val_acc: 0.6067

600/600 [==============================] - 8s 13ms/step - loss: 0.6127 - acc: 0.7967 - val_loss: 1.6678 - val_acc: 0.6000

600/600 [==============================] - 8s 13ms/step - loss: 0.6783 - acc: 0.7800 - val_loss: 1.6842 - val_acc: 0.5933
Epoch 5/100

 64/600 [==>...........................] - ETA: 6s - loss: 0.8547 - acc: 0.7500Epoch 5/100

 64/600 [==>...........................] - ETA: 6s - loss: 0.3588 - acc: 0.8438Epoch 5/100

 64/600 [==>...........................] - ETA: 6s - loss: 0.4355 - acc: 0.8750Epoch 5/100

 64/600 [==>...........................] - ETA: 6s - loss: 0.3843 - acc: 0.8906
128/600 [=====>........................] - ETA: 5s - loss: 0.6994 - acc: 0.7812
128/600 [=====>........................] - ETA: 5s - loss: 0.3797 - acc: 0.8594
128/600 [=====>........................] - ETA: 5s - loss: 0.4988 - acc: 0.8516
128/600 [=====>........................] - ETA: 5s - loss: 0.3831 - acc: 0.8984
192/600 [========>.....................] - ETA: 4s - loss: 0.6483 - acc: 0.7969
192/600 [========>.....................] - ETA: 4s - loss: 0.4351 - acc: 0.8542
192/600 [========>.....................] - ETA: 4s - loss: 0.5441 - acc: 0.8333
192/600 [========>.....................] - ETA: 4s - loss: 0.4642 - acc: 0.8542
256/600 [===========>..................] - ETA: 4s - loss: 0.6061 - acc: 0.8008
256/600 [===========>..................] - ETA: 4s - loss: 0.5364 - acc: 0.8047
256/600 [===========>..................] - ETA: 4s - loss: 0.5273 - acc: 0.8477
256/600 [===========>..................] - ETA: 4s - loss: 0.4905 - acc: 0.8438
320/600 [===============>..............] - ETA: 3s - loss: 0.5425 - acc: 0.8187
320/600 [===============>..............] - ETA: 3s - loss: 0.5287 - acc: 0.8469
320/600 [===============>..............] - ETA: 3s - loss: 0.5352 - acc: 0.8094
320/600 [===============>..............] - ETA: 3s - loss: 0.4843 - acc: 0.8438
384/600 [==================>...........] - ETA: 2s - loss: 0.5378 - acc: 0.8151
384/600 [==================>...........] - ETA: 2s - loss: 0.5615 - acc: 0.8073
384/600 [==================>...........] - ETA: 2s - loss: 0.5091 - acc: 0.8411
384/600 [==================>...........] - ETA: 2s - loss: 0.4893 - acc: 0.8464
448/600 [=====================>........] - ETA: 1s - loss: 0.5305 - acc: 0.8237
448/600 [=====================>........] - ETA: 1s - loss: 0.4981 - acc: 0.8415
448/600 [=====================>........] - ETA: 1s - loss: 0.5457 - acc: 0.8170
448/600 [=====================>........] - ETA: 1s - loss: 0.4975 - acc: 0.8371
512/600 [========================>.....] - ETA: 1s - loss: 0.5259 - acc: 0.8242
512/600 [========================>.....] - ETA: 1s - loss: 0.5551 - acc: 0.8086
512/600 [========================>.....] - ETA: 1s - loss: 0.5321 - acc: 0.8281
512/600 [========================>.....] - ETA: 1s - loss: 0.4812 - acc: 0.8359
576/600 [===========================>..] - ETA: 0s - loss: 0.5463 - acc: 0.8108
576/600 [===========================>..] - ETA: 0s - loss: 0.5302 - acc: 0.8125
576/600 [===========================>..] - ETA: 0s - loss: 0.5164 - acc: 0.8333
576/600 [===========================>..] - ETA: 0s - loss: 0.5109 - acc: 0.8247
600/600 [==============================] - 8s 13ms/step - loss: 0.5440 - acc: 0.8067 - val_loss: 1.6754 - val_acc: 0.5667

600/600 [==============================] - 8s 13ms/step - loss: 0.5186 - acc: 0.8350 - val_loss: 1.6961 - val_acc: 0.5600

600/600 [==============================] - 8s 13ms/step - loss: 0.5425 - acc: 0.8100 - val_loss: 1.8209 - val_acc: 0.5400

600/600 [==============================] - 8s 13ms/step - loss: 0.5365 - acc: 0.8150 - val_loss: 2.0336 - val_acc: 0.5267
Epoch 6/100

 64/600 [==>...........................] - ETA: 6s - loss: 0.6475 - acc: 0.8125Epoch 6/100

 64/600 [==>...........................] - ETA: 6s - loss: 0.3114 - acc: 0.8594Epoch 6/100

 64/600 [==>...........................] - ETA: 6s - loss: 0.6912 - acc: 0.7969Epoch 6/100

 64/600 [==>...........................] - ETA: 6s - loss: 0.5080 - acc: 0.7969
128/600 [=====>........................] - ETA: 5s - loss: 0.5904 - acc: 0.8047
128/600 [=====>........................] - ETA: 5s - loss: 0.3413 - acc: 0.8594
128/600 [=====>........................] - ETA: 5s - loss: 0.6221 - acc: 0.7891
128/600 [=====>........................] - ETA: 5s - loss: 0.5588 - acc: 0.8203
192/600 [========>.....................] - ETA: 4s - loss: 0.5556 - acc: 0.8177
192/600 [========>.....................] - ETA: 4s - loss: 0.5579 - acc: 0.8125
192/600 [========>.....................] - ETA: 4s - loss: 0.3743 - acc: 0.8542
192/600 [========>.....................] - ETA: 4s - loss: 0.5033 - acc: 0.8281
256/600 [===========>..................] - ETA: 4s - loss: 0.5584 - acc: 0.8047
256/600 [===========>..................] - ETA: 4s - loss: 0.3931 - acc: 0.8438
256/600 [===========>..................] - ETA: 4s - loss: 0.5098 - acc: 0.8398
256/600 [===========>..................] - ETA: 4s - loss: 0.4880 - acc: 0.8281
320/600 [===============>..............] - ETA: 3s - loss: 0.5278 - acc: 0.8219
320/600 [===============>..............] - ETA: 3s - loss: 0.4204 - acc: 0.8344
320/600 [===============>..............] - ETA: 3s - loss: 0.5115 - acc: 0.8313
320/600 [===============>..............] - ETA: 3s - loss: 0.4898 - acc: 0.8250
384/600 [==================>...........] - ETA: 2s - loss: 0.4961 - acc: 0.8359
384/600 [==================>...........] - ETA: 2s - loss: 0.4831 - acc: 0.8229
384/600 [==================>...........] - ETA: 2s - loss: 0.4993 - acc: 0.8333
384/600 [==================>...........] - ETA: 2s - loss: 0.4836 - acc: 0.8333
448/600 [=====================>........] - ETA: 1s - loss: 0.4519 - acc: 0.8527
448/600 [=====================>........] - ETA: 1s - loss: 0.4930 - acc: 0.8326
448/600 [=====================>........] - ETA: 1s - loss: 0.4982 - acc: 0.8259
448/600 [=====================>........] - ETA: 1s - loss: 0.5061 - acc: 0.8237
512/600 [========================>.....] - ETA: 1s - loss: 0.4914 - acc: 0.8418
512/600 [========================>.....] - ETA: 1s - loss: 0.5014 - acc: 0.8242
512/600 [========================>.....] - ETA: 1s - loss: 0.4948 - acc: 0.8340
512/600 [========================>.....] - ETA: 1s - loss: 0.5225 - acc: 0.8184
576/600 [===========================>..] - ETA: 0s - loss: 0.5015 - acc: 0.8299
576/600 [===========================>..] - ETA: 0s - loss: 0.5051 - acc: 0.8281
576/600 [===========================>..] - ETA: 0s - loss: 0.4963 - acc: 0.8316
576/600 [===========================>..] - ETA: 0s - loss: 0.5192 - acc: 0.8177
600/600 [==============================] - 8s 13ms/step - loss: 0.5115 - acc: 0.8283 - val_loss: 1.7769 - val_acc: 0.4933

600/600 [==============================] - 8s 13ms/step - loss: 0.5065 - acc: 0.8283 - val_loss: 1.8760 - val_acc: 0.5267

600/600 [==============================] - 8s 13ms/step - loss: 0.4948 - acc: 0.8317 - val_loss: 1.6850 - val_acc: 0.6000

600/600 [==============================] - 8s 13ms/step - loss: 0.5134 - acc: 0.8167 - val_loss: 1.8463 - val_acc: 0.5400
Epoch 7/100

 64/600 [==>...........................] - ETA: 6s - loss: 0.3219 - acc: 0.8750
128/600 [=====>........................] - ETA: 5s - loss: 0.3431 - acc: 0.8672
192/600 [========>.....................] - ETA: 4s - loss: 0.3383 - acc: 0.8750
256/600 [===========>..................] - ETA: 3s - loss: 0.3618 - acc: 0.8633
320/600 [===============>..............] - ETA: 3s - loss: 0.3618 - acc: 0.8656
384/600 [==================>...........] - ETA: 2s - loss: 0.4221 - acc: 0.8542
448/600 [=====================>........] - ETA: 1s - loss: 0.4646 - acc: 0.8460
512/600 [========================>.....] - ETA: 1s - loss: 0.4587 - acc: 0.8477
576/600 [===========================>..] - ETA: 0s - loss: 0.4647 - acc: 0.8455
600/600 [==============================] - 7s 12ms/step - loss: 0.4585 - acc: 0.8467 - val_loss: 1.9844 - val_acc: 0.4933
Train on 600 samples, validate on 150 samples
Epoch 1/100

 64/600 [==>...........................] - ETA: 13s - loss: 1.5949 - acc: 0.5781Train on 600 samples, validate on 150 samples
Epoch 1/100

 64/600 [==>...........................] - ETA: 13s - loss: 1.8276 - acc: 0.5312Train on 600 samples, validate on 150 samples
Epoch 1/100

 64/600 [==>...........................] - ETA: 14s - loss: 1.3080 - acc: 0.6406
128/600 [=====>........................] - ETA: 8s - loss: 1.4966 - acc: 0.5938 
128/600 [=====>........................] - ETA: 8s - loss: 1.6296 - acc: 0.5859 
128/600 [=====>........................] - ETA: 8s - loss: 1.3551 - acc: 0.6641 
192/600 [========>.....................] - ETA: 6s - loss: 1.5142 - acc: 0.5781
192/600 [========>.....................] - ETA: 6s - loss: 1.4522 - acc: 0.6198
192/600 [========>.....................] - ETA: 6s - loss: 1.2959 - acc: 0.6615
256/600 [===========>..................] - ETA: 5s - loss: 1.4724 - acc: 0.5820
256/600 [===========>..................] - ETA: 5s - loss: 1.4207 - acc: 0.6289
256/600 [===========>..................] - ETA: 5s - loss: 1.2633 - acc: 0.6680
320/600 [===============>..............] - ETA: 4s - loss: 1.4618 - acc: 0.5844
320/600 [===============>..............] - ETA: 4s - loss: 1.3573 - acc: 0.6375
320/600 [===============>..............] - ETA: 4s - loss: 1.2126 - acc: 0.6844
384/600 [==================>...........] - ETA: 3s - loss: 1.4435 - acc: 0.5990
384/600 [==================>...........] - ETA: 3s - loss: 1.3528 - acc: 0.6380
384/600 [==================>...........] - ETA: 3s - loss: 1.3096 - acc: 0.6510
448/600 [=====================>........] - ETA: 2s - loss: 1.4358 - acc: 0.5960
448/600 [=====================>........] - ETA: 2s - loss: 1.3117 - acc: 0.6496
448/600 [=====================>........] - ETA: 2s - loss: 1.3367 - acc: 0.6518
512/600 [========================>.....] - ETA: 1s - loss: 1.3501 - acc: 0.6367
512/600 [========================>.....] - ETA: 1s - loss: 1.3990 - acc: 0.6172
512/600 [========================>.....] - ETA: 1s - loss: 1.3084 - acc: 0.6582
576/600 [===========================>..] - ETA: 0s - loss: 1.3399 - acc: 0.6354
576/600 [===========================>..] - ETA: 0s - loss: 1.3730 - acc: 0.6233
576/600 [===========================>..] - ETA: 0s - loss: 1.2952 - acc: 0.6632
600/600 [==============================] - 9s 14ms/step - loss: 1.3543 - acc: 0.6317 - val_loss: 1.6083 - val_acc: 0.5733

600/600 [==============================] - 9s 14ms/step - loss: 1.3509 - acc: 0.6300 - val_loss: 1.1042 - val_acc: 0.7333

600/600 [==============================] - 9s 14ms/step - loss: 1.2916 - acc: 0.6617 - val_loss: 1.3845 - val_acc: 0.6667
Train on 600 samples, validate on 150 samples
Epoch 1/100

 64/600 [==>...........................] - ETA: 14s - loss: 1.4699 - acc: 0.6719Epoch 2/100

 64/600 [==>...........................] - ETA: 6s - loss: 1.1825 - acc: 0.6562Epoch 2/100

 64/600 [==>...........................] - ETA: 6s - loss: 1.0383 - acc: 0.6562Epoch 2/100

 64/600 [==>...........................] - ETA: 6s - loss: 1.0904 - acc: 0.6562
128/600 [=====>........................] - ETA: 9s - loss: 1.3920 - acc: 0.6719 
128/600 [=====>........................] - ETA: 5s - loss: 1.1701 - acc: 0.6484
128/600 [=====>........................] - ETA: 5s - loss: 1.0933 - acc: 0.6641
128/600 [=====>........................] - ETA: 5s - loss: 1.1792 - acc: 0.6328
192/600 [========>.....................] - ETA: 6s - loss: 1.3049 - acc: 0.6719
192/600 [========>.....................] - ETA: 4s - loss: 1.0317 - acc: 0.6719
192/600 [========>.....................] - ETA: 4s - loss: 1.0889 - acc: 0.6771
192/600 [========>.....................] - ETA: 4s - loss: 1.1173 - acc: 0.6719
256/600 [===========>..................] - ETA: 5s - loss: 1.3788 - acc: 0.6602
256/600 [===========>..................] - ETA: 4s - loss: 1.1209 - acc: 0.6680
256/600 [===========>..................] - ETA: 4s - loss: 1.0618 - acc: 0.6680
256/600 [===========>..................] - ETA: 4s - loss: 1.1753 - acc: 0.6445
320/600 [===============>..............] - ETA: 4s - loss: 1.3693 - acc: 0.6500
320/600 [===============>..............] - ETA: 3s - loss: 1.0939 - acc: 0.6781
320/600 [===============>..............] - ETA: 3s - loss: 0.9979 - acc: 0.6937
320/600 [===============>..............] - ETA: 3s - loss: 1.1104 - acc: 0.6656
384/600 [==================>...........] - ETA: 3s - loss: 1.3809 - acc: 0.6380
384/600 [==================>...........] - ETA: 2s - loss: 0.9967 - acc: 0.7031
384/600 [==================>...........] - ETA: 2s - loss: 1.0813 - acc: 0.6927
384/600 [==================>...........] - ETA: 2s - loss: 1.0828 - acc: 0.6771
448/600 [=====================>........] - ETA: 2s - loss: 1.3222 - acc: 0.6518
448/600 [=====================>........] - ETA: 1s - loss: 1.0453 - acc: 0.6964
448/600 [=====================>........] - ETA: 1s - loss: 1.0686 - acc: 0.7009
448/600 [=====================>........] - ETA: 1s - loss: 1.0489 - acc: 0.6808
512/600 [========================>.....] - ETA: 1s - loss: 1.3261 - acc: 0.6543
512/600 [========================>.....] - ETA: 1s - loss: 1.0545 - acc: 0.6973
512/600 [========================>.....] - ETA: 1s - loss: 1.0650 - acc: 0.7051
512/600 [========================>.....] - ETA: 1s - loss: 1.0507 - acc: 0.6777
576/600 [===========================>..] - ETA: 0s - loss: 1.3267 - acc: 0.6615
576/600 [===========================>..] - ETA: 0s - loss: 1.1022 - acc: 0.6892
576/600 [===========================>..] - ETA: 0s - loss: 1.0753 - acc: 0.6962
576/600 [===========================>..] - ETA: 0s - loss: 1.0321 - acc: 0.6840
600/600 [==============================] - 8s 13ms/step - loss: 1.0671 - acc: 0.6983 - val_loss: 1.2855 - val_acc: 0.6533

600/600 [==============================] - 8s 13ms/step - loss: 1.0954 - acc: 0.6933 - val_loss: 1.2428 - val_acc: 0.6600

600/600 [==============================] - 9s 14ms/step - loss: 1.3217 - acc: 0.6600 - val_loss: 1.3731 - val_acc: 0.6400

600/600 [==============================] - 8s 13ms/step - loss: 1.0501 - acc: 0.6817 - val_loss: 1.7403 - val_acc: 0.5800
Epoch 3/100

 64/600 [==>...........................] - ETA: 6s - loss: 0.8681 - acc: 0.6719Epoch 3/100

 64/600 [==>...........................] - ETA: 6s - loss: 0.8778 - acc: 0.7656Epoch 2/100

 64/600 [==>...........................] - ETA: 6s - loss: 0.9811 - acc: 0.7344Epoch 3/100

 64/600 [==>...........................] - ETA: 6s - loss: 1.2838 - acc: 0.6562
128/600 [=====>........................] - ETA: 5s - loss: 0.7779 - acc: 0.7812
128/600 [=====>........................] - ETA: 5s - loss: 0.8280 - acc: 0.7188
128/600 [=====>........................] - ETA: 5s - loss: 0.9218 - acc: 0.7344
128/600 [=====>........................] - ETA: 5s - loss: 1.1085 - acc: 0.6641
192/600 [========>.....................] - ETA: 4s - loss: 0.8030 - acc: 0.7604
192/600 [========>.....................] - ETA: 4s - loss: 0.9881 - acc: 0.6927
192/600 [========>.....................] - ETA: 4s - loss: 0.9103 - acc: 0.7448
192/600 [========>.....................] - ETA: 4s - loss: 0.9646 - acc: 0.7031
256/600 [===========>..................] - ETA: 3s - loss: 0.8620 - acc: 0.7344
256/600 [===========>..................] - ETA: 3s - loss: 1.0152 - acc: 0.6836
256/600 [===========>..................] - ETA: 4s - loss: 0.9182 - acc: 0.7461
256/600 [===========>..................] - ETA: 4s - loss: 0.8903 - acc: 0.7266
320/600 [===============>..............] - ETA: 3s - loss: 0.9408 - acc: 0.7094
320/600 [===============>..............] - ETA: 3s - loss: 0.8564 - acc: 0.7344
320/600 [===============>..............] - ETA: 3s - loss: 0.9550 - acc: 0.7250
320/600 [===============>..............] - ETA: 3s - loss: 0.8532 - acc: 0.7375
384/600 [==================>...........] - ETA: 2s - loss: 0.8955 - acc: 0.7240
384/600 [==================>...........] - ETA: 2s - loss: 0.8797 - acc: 0.7292
384/600 [==================>...........] - ETA: 2s - loss: 0.9666 - acc: 0.7135
384/600 [==================>...........] - ETA: 2s - loss: 0.8155 - acc: 0.7448
448/600 [=====================>........] - ETA: 1s - loss: 0.8821 - acc: 0.7321
448/600 [=====================>........] - ETA: 1s - loss: 0.8777 - acc: 0.7299
448/600 [=====================>........] - ETA: 1s - loss: 1.0188 - acc: 0.6920
448/600 [=====================>........] - ETA: 1s - loss: 0.8150 - acc: 0.7522
512/600 [========================>.....] - ETA: 1s - loss: 0.8647 - acc: 0.7402
512/600 [========================>.....] - ETA: 1s - loss: 0.8793 - acc: 0.7344
512/600 [========================>.....] - ETA: 1s - loss: 1.0073 - acc: 0.6914
512/600 [========================>.....] - ETA: 1s - loss: 0.8311 - acc: 0.7461
576/600 [===========================>..] - ETA: 0s - loss: 0.8464 - acc: 0.7500
576/600 [===========================>..] - ETA: 0s - loss: 0.8764 - acc: 0.7361
576/600 [===========================>..] - ETA: 0s - loss: 1.0044 - acc: 0.6962
576/600 [===========================>..] - ETA: 0s - loss: 0.8075 - acc: 0.7535
600/600 [==============================] - 8s 13ms/step - loss: 0.8506 - acc: 0.7500 - val_loss: 1.3952 - val_acc: 0.6333

600/600 [==============================] - 8s 13ms/step - loss: 0.8952 - acc: 0.7233 - val_loss: 1.5616 - val_acc: 0.5667

600/600 [==============================] - 8s 13ms/step - loss: 1.0073 - acc: 0.6967 - val_loss: 1.3868 - val_acc: 0.6200

600/600 [==============================] - 8s 13ms/step - loss: 0.8134 - acc: 0.7567 - val_loss: 1.5884 - val_acc: 0.5800
Epoch 4/100

 64/600 [==>...........................] - ETA: 6s - loss: 0.3564 - acc: 0.9219Epoch 4/100

 64/600 [==>...........................] - ETA: 6s - loss: 0.9873 - acc: 0.7188Epoch 3/100

 64/600 [==>...........................] - ETA: 6s - loss: 0.5500 - acc: 0.8750Epoch 4/100

 64/600 [==>...........................] - ETA: 6s - loss: 1.0059 - acc: 0.7500
128/600 [=====>........................] - ETA: 5s - loss: 0.5150 - acc: 0.8516
128/600 [=====>........................] - ETA: 5s - loss: 0.8274 - acc: 0.7891
128/600 [=====>........................] - ETA: 5s - loss: 0.6108 - acc: 0.8516
128/600 [=====>........................] - ETA: 5s - loss: 0.7411 - acc: 0.8047
192/600 [========>.....................] - ETA: 4s - loss: 0.6371 - acc: 0.8281
192/600 [========>.....................] - ETA: 4s - loss: 0.7798 - acc: 0.7865
192/600 [========>.....................] - ETA: 4s - loss: 0.6851 - acc: 0.8281
192/600 [========>.....................] - ETA: 4s - loss: 0.6833 - acc: 0.8177
256/600 [===========>..................] - ETA: 3s - loss: 0.6376 - acc: 0.8125
256/600 [===========>..................] - ETA: 3s - loss: 0.7308 - acc: 0.7969
256/600 [===========>..................] - ETA: 4s - loss: 0.7075 - acc: 0.8125
256/600 [===========>..................] - ETA: 4s - loss: 0.7348 - acc: 0.7891
320/600 [===============>..............] - ETA: 3s - loss: 0.6121 - acc: 0.8156
320/600 [===============>..............] - ETA: 3s - loss: 0.6888 - acc: 0.8000
320/600 [===============>..............] - ETA: 3s - loss: 0.7208 - acc: 0.8000
320/600 [===============>..............] - ETA: 3s - loss: 0.7849 - acc: 0.7844
384/600 [==================>...........] - ETA: 2s - loss: 0.6509 - acc: 0.8021
384/600 [==================>...........] - ETA: 2s - loss: 0.7048 - acc: 0.7943
384/600 [==================>...........] - ETA: 2s - loss: 0.7095 - acc: 0.7969
384/600 [==================>...........] - ETA: 2s - loss: 0.7854 - acc: 0.7786
448/600 [=====================>........] - ETA: 1s - loss: 0.6631 - acc: 0.7969
448/600 [=====================>........] - ETA: 1s - loss: 0.6993 - acc: 0.7969
448/600 [=====================>........] - ETA: 1s - loss: 0.6844 - acc: 0.8080
448/600 [=====================>........] - ETA: 1s - loss: 0.7481 - acc: 0.7946
512/600 [========================>.....] - ETA: 1s - loss: 0.6780 - acc: 0.7871
512/600 [========================>.....] - ETA: 1s - loss: 0.6922 - acc: 0.7969
512/600 [========================>.....] - ETA: 1s - loss: 0.6677 - acc: 0.8066
512/600 [========================>.....] - ETA: 1s - loss: 0.7359 - acc: 0.7949
576/600 [===========================>..] - ETA: 0s - loss: 0.6905 - acc: 0.7830
576/600 [===========================>..] - ETA: 0s - loss: 0.6801 - acc: 0.8056
576/600 [===========================>..] - ETA: 0s - loss: 0.6955 - acc: 0.7934
576/600 [===========================>..] - ETA: 0s - loss: 0.7274 - acc: 0.7951
600/600 [==============================] - 7s 12ms/step - loss: 0.7137 - acc: 0.7750 - val_loss: 1.6208 - val_acc: 0.5667

600/600 [==============================] - 8s 13ms/step - loss: 0.6662 - acc: 0.8100 - val_loss: 1.3663 - val_acc: 0.6267

600/600 [==============================] - 8s 13ms/step - loss: 0.7312 - acc: 0.7783 - val_loss: 1.8750 - val_acc: 0.5267

600/600 [==============================] - 8s 13ms/step - loss: 0.7262 - acc: 0.7933 - val_loss: 1.4873 - val_acc: 0.6067
Epoch 5/100

 64/600 [==>...........................] - ETA: 6s - loss: 0.6025 - acc: 0.8125Epoch 5/100

 64/600 [==>...........................] - ETA: 6s - loss: 0.3863 - acc: 0.8906Epoch 4/100

 64/600 [==>...........................] - ETA: 6s - loss: 0.6044 - acc: 0.7969Epoch 5/100

 64/600 [==>...........................] - ETA: 6s - loss: 0.3695 - acc: 0.8906
128/600 [=====>........................] - ETA: 5s - loss: 0.5617 - acc: 0.8438
128/600 [=====>........................] - ETA: 5s - loss: 0.4624 - acc: 0.8672
128/600 [=====>........................] - ETA: 5s - loss: 0.5725 - acc: 0.8125
128/600 [=====>........................] - ETA: 5s - loss: 0.4009 - acc: 0.8672
192/600 [========>.....................] - ETA: 4s - loss: 0.5424 - acc: 0.8542
192/600 [========>.....................] - ETA: 4s - loss: 0.4915 - acc: 0.8594
192/600 [========>.....................] - ETA: 4s - loss: 0.5159 - acc: 0.8281
192/600 [========>.....................] - ETA: 4s - loss: 0.4780 - acc: 0.8229
256/600 [===========>..................] - ETA: 3s - loss: 0.5758 - acc: 0.8438
256/600 [===========>..................] - ETA: 3s - loss: 0.4992 - acc: 0.8516
256/600 [===========>..................] - ETA: 4s - loss: 0.5325 - acc: 0.8203
256/600 [===========>..................] - ETA: 4s - loss: 0.4982 - acc: 0.8242
320/600 [===============>..............] - ETA: 3s - loss: 0.5481 - acc: 0.8500
320/600 [===============>..............] - ETA: 3s - loss: 0.4818 - acc: 0.8594
320/600 [===============>..............] - ETA: 3s - loss: 0.5234 - acc: 0.8281
320/600 [===============>..............] - ETA: 3s - loss: 0.4921 - acc: 0.8281
384/600 [==================>...........] - ETA: 2s - loss: 0.5250 - acc: 0.8594
384/600 [==================>...........] - ETA: 2s - loss: 0.4976 - acc: 0.8464
384/600 [==================>...........] - ETA: 2s - loss: 0.5686 - acc: 0.8281
384/600 [==================>...........] - ETA: 2s - loss: 0.4786 - acc: 0.8359
448/600 [=====================>........] - ETA: 1s - loss: 0.5354 - acc: 0.8482
448/600 [=====================>........] - ETA: 1s - loss: 0.5437 - acc: 0.8348
448/600 [=====================>........] - ETA: 1s - loss: 0.5811 - acc: 0.8281
448/600 [=====================>........] - ETA: 1s - loss: 0.4933 - acc: 0.8393
512/600 [========================>.....] - ETA: 1s - loss: 0.5462 - acc: 0.8379
512/600 [========================>.....] - ETA: 1s - loss: 0.5449 - acc: 0.8340
512/600 [========================>.....] - ETA: 1s - loss: 0.5730 - acc: 0.8320
512/600 [========================>.....] - ETA: 1s - loss: 0.5223 - acc: 0.8320
576/600 [===========================>..] - ETA: 0s - loss: 0.5674 - acc: 0.8264
576/600 [===========================>..] - ETA: 0s - loss: 0.5280 - acc: 0.8403
576/600 [===========================>..] - ETA: 0s - loss: 0.6149 - acc: 0.8090
576/600 [===========================>..] - ETA: 0s - loss: 0.5218 - acc: 0.8333
600/600 [==============================] - 7s 12ms/step - loss: 0.5723 - acc: 0.8217 - val_loss: 1.4616 - val_acc: 0.5933

600/600 [==============================] - 8s 13ms/step - loss: 0.5338 - acc: 0.8383 - val_loss: 1.7529 - val_acc: 0.5533

600/600 [==============================] - 8s 13ms/step - loss: 0.6143 - acc: 0.8083 - val_loss: 1.9328 - val_acc: 0.5400

600/600 [==============================] - 8s 13ms/step - loss: 0.5159 - acc: 0.8333 - val_loss: 1.6741 - val_acc: 0.6067
Epoch 6/100

 64/600 [==>...........................] - ETA: 6s - loss: 0.6655 - acc: 0.7188Epoch 6/100

 64/600 [==>...........................] - ETA: 6s - loss: 0.7254 - acc: 0.7812Epoch 5/100

 64/600 [==>...........................] - ETA: 6s - loss: 0.9420 - acc: 0.7656Epoch 6/100

 64/600 [==>...........................] - ETA: 6s - loss: 0.5940 - acc: 0.7656
128/600 [=====>........................] - ETA: 5s - loss: 0.6509 - acc: 0.7578
128/600 [=====>........................] - ETA: 5s - loss: 0.6562 - acc: 0.7891
128/600 [=====>........................] - ETA: 5s - loss: 0.7065 - acc: 0.8203
128/600 [=====>........................] - ETA: 5s - loss: 0.4729 - acc: 0.8281
192/600 [========>.....................] - ETA: 4s - loss: 0.5582 - acc: 0.8125
192/600 [========>.....................] - ETA: 4s - loss: 0.5310 - acc: 0.8385
192/600 [========>.....................] - ETA: 4s - loss: 0.6106 - acc: 0.8385
192/600 [========>.....................] - ETA: 4s - loss: 0.5079 - acc: 0.8385
256/600 [===========>..................] - ETA: 3s - loss: 0.5329 - acc: 0.8203
256/600 [===========>..................] - ETA: 3s - loss: 0.4995 - acc: 0.8477
256/600 [===========>..................] - ETA: 3s - loss: 0.5754 - acc: 0.8359
256/600 [===========>..................] - ETA: 4s - loss: 0.5043 - acc: 0.8320
320/600 [===============>..............] - ETA: 3s - loss: 0.5276 - acc: 0.8313
320/600 [===============>..............] - ETA: 3s - loss: 0.5088 - acc: 0.8375
320/600 [===============>..............] - ETA: 3s - loss: 0.5558 - acc: 0.8375
320/600 [===============>..............] - ETA: 3s - loss: 0.4942 - acc: 0.8406
384/600 [==================>...........] - ETA: 2s - loss: 0.4947 - acc: 0.8490
384/600 [==================>...........] - ETA: 2s - loss: 0.4743 - acc: 0.8516
384/600 [==================>...........] - ETA: 2s - loss: 0.5517 - acc: 0.8333
384/600 [==================>...........] - ETA: 2s - loss: 0.4646 - acc: 0.8542
448/600 [=====================>........] - ETA: 1s - loss: 0.4643 - acc: 0.8616
448/600 [=====================>........] - ETA: 1s - loss: 0.4710 - acc: 0.8482
448/600 [=====================>........] - ETA: 1s - loss: 0.5453 - acc: 0.8259
448/600 [=====================>........] - ETA: 1s - loss: 0.4771 - acc: 0.8549
512/600 [========================>.....] - ETA: 1s - loss: 0.4685 - acc: 0.8613
512/600 [========================>.....] - ETA: 1s - loss: 0.4894 - acc: 0.8379
512/600 [========================>.....] - ETA: 1s - loss: 0.5470 - acc: 0.8242
512/600 [========================>.....] - ETA: 1s - loss: 0.4844 - acc: 0.8516
576/600 [===========================>..] - ETA: 0s - loss: 0.4800 - acc: 0.8611
576/600 [===========================>..] - ETA: 0s - loss: 0.5198 - acc: 0.8264
576/600 [===========================>..] - ETA: 0s - loss: 0.5483 - acc: 0.8229
576/600 [===========================>..] - ETA: 0s - loss: 0.4633 - acc: 0.8576
600/600 [==============================] - 7s 12ms/step - loss: 0.4899 - acc: 0.8567 - val_loss: 1.3404 - val_acc: 0.6400

600/600 [==============================] - 7s 12ms/step - loss: 0.5370 - acc: 0.8233 - val_loss: 1.4738 - val_acc: 0.6000

600/600 [==============================] - 8s 13ms/step - loss: 0.5488 - acc: 0.8217 - val_loss: 1.6308 - val_acc: 0.5933

600/600 [==============================] - 8s 13ms/step - loss: 0.4582 - acc: 0.8600 - val_loss: 1.6409 - val_acc: 0.6000
Epoch 7/100

 64/600 [==>...........................] - ETA: 6s - loss: 0.5572 - acc: 0.8125Epoch 6/100

 64/600 [==>...........................] - ETA: 6s - loss: 0.2550 - acc: 0.9531
128/600 [=====>........................] - ETA: 5s - loss: 0.4838 - acc: 0.8203
128/600 [=====>........................] - ETA: 5s - loss: 0.3040 - acc: 0.9297
192/600 [========>.....................] - ETA: 4s - loss: 0.4265 - acc: 0.8490
192/600 [========>.....................] - ETA: 4s - loss: 0.3130 - acc: 0.9167
256/600 [===========>..................] - ETA: 3s - loss: 0.4032 - acc: 0.8594
256/600 [===========>..................] - ETA: 3s - loss: 0.3306 - acc: 0.9062
320/600 [===============>..............] - ETA: 3s - loss: 0.3926 - acc: 0.8625
320/600 [===============>..............] - ETA: 3s - loss: 0.3620 - acc: 0.8844
384/600 [==================>...........] - ETA: 2s - loss: 0.3844 - acc: 0.8646
384/600 [==================>...........] - ETA: 2s - loss: 0.3659 - acc: 0.8828
448/600 [=====================>........] - ETA: 1s - loss: 0.3791 - acc: 0.8661
448/600 [=====================>........] - ETA: 1s - loss: 0.3763 - acc: 0.8772
512/600 [========================>.....] - ETA: 1s - loss: 0.4020 - acc: 0.8613
512/600 [========================>.....] - ETA: 1s - loss: 0.3859 - acc: 0.8711
576/600 [===========================>..] - ETA: 0s - loss: 0.4249 - acc: 0.8490
576/600 [===========================>..] - ETA: 0s - loss: 0.4135 - acc: 0.8576
600/600 [==============================] - 7s 12ms/step - loss: 0.4358 - acc: 0.8467 - val_loss: 1.7649 - val_acc: 0.5800

600/600 [==============================] - 7s 12ms/step - loss: 0.4089 - acc: 0.8583 - val_loss: 2.2350 - val_acc: 0.5267
Train on 600 samples, validate on 150 samples
Epoch 1/50

 64/600 [==>...........................] - ETA: 35s - loss: 2.1113 - acc: 0.4062
128/600 [=====>........................] - ETA: 16s - loss: 2.0176 - acc: 0.4766Train on 600 samples, validate on 150 samples
Epoch 1/50

 64/600 [==>...........................] - ETA: 33s - loss: 1.9093 - acc: 0.4531
192/600 [========>.....................] - ETA: 9s - loss: 1.9145 - acc: 0.5052 
128/600 [=====>........................] - ETA: 15s - loss: 1.9928 - acc: 0.4531
256/600 [===========>..................] - ETA: 6s - loss: 1.8499 - acc: 0.5117
192/600 [========>.....................] - ETA: 9s - loss: 1.8618 - acc: 0.4896 
320/600 [===============>..............] - ETA: 4s - loss: 1.8572 - acc: 0.5031
256/600 [===========>..................] - ETA: 6s - loss: 1.8685 - acc: 0.4844
384/600 [==================>...........] - ETA: 3s - loss: 1.8936 - acc: 0.5078
320/600 [===============>..............] - ETA: 4s - loss: 1.8752 - acc: 0.4906
448/600 [=====================>........] - ETA: 1s - loss: 1.9309 - acc: 0.5000
384/600 [==================>...........] - ETA: 2s - loss: 1.8917 - acc: 0.4766
512/600 [========================>.....] - ETA: 1s - loss: 1.9523 - acc: 0.4902
448/600 [=====================>........] - ETA: 1s - loss: 1.9114 - acc: 0.4754
576/600 [===========================>..] - ETA: 0s - loss: 1.9440 - acc: 0.4948
512/600 [========================>.....] - ETA: 0s - loss: 1.8940 - acc: 0.4824
576/600 [===========================>..] - ETA: 0s - loss: 1.9064 - acc: 0.4774
600/600 [==============================] - 7s 12ms/step - loss: 1.9482 - acc: 0.4950 - val_loss: 1.7358 - val_acc: 0.5600
Epoch 2/50

 64/600 [==>...........................] - ETA: 2s - loss: 1.7794 - acc: 0.4219
600/600 [==============================] - 7s 12ms/step - loss: 1.9058 - acc: 0.4817 - val_loss: 1.7980 - val_acc: 0.5600

128/600 [=====>........................] - ETA: 1s - loss: 1.7696 - acc: 0.4531Epoch 2/50

 64/600 [==>...........................] - ETA: 2s - loss: 1.7722 - acc: 0.5625
192/600 [========>.....................] - ETA: 1s - loss: 1.7849 - acc: 0.4635
128/600 [=====>........................] - ETA: 1s - loss: 1.6673 - acc: 0.6016
256/600 [===========>..................] - ETA: 1s - loss: 1.8034 - acc: 0.4609
192/600 [========>.....................] - ETA: 1s - loss: 1.6840 - acc: 0.5885
320/600 [===============>..............] - ETA: 1s - loss: 1.7696 - acc: 0.4844
256/600 [===========>..................] - ETA: 1s - loss: 1.7288 - acc: 0.5625
384/600 [==================>...........] - ETA: 0s - loss: 1.7494 - acc: 0.5052
320/600 [===============>..............] - ETA: 1s - loss: 1.7617 - acc: 0.5531
448/600 [=====================>........] - ETA: 0s - loss: 1.7547 - acc: 0.5179
384/600 [==================>...........] - ETA: 0s - loss: 1.7415 - acc: 0.5547
512/600 [========================>.....] - ETA: 0s - loss: 1.7539 - acc: 0.5156
448/600 [=====================>........] - ETA: 0s - loss: 1.7385 - acc: 0.5513
576/600 [===========================>..] - ETA: 0s - loss: 1.7346 - acc: 0.5208
512/600 [========================>.....] - ETA: 0s - loss: 1.7279 - acc: 0.5508
600/600 [==============================] - 3s 4ms/step - loss: 1.7277 - acc: 0.5233 - val_loss: 1.7191 - val_acc: 0.5200

576/600 [===========================>..] - ETA: 0s - loss: 1.7115 - acc: 0.5503Epoch 3/50

 64/600 [==>...........................] - ETA: 2s - loss: 1.5084 - acc: 0.5938
600/600 [==============================] - 3s 4ms/step - loss: 1.7253 - acc: 0.5483 - val_loss: 1.8275 - val_acc: 0.5333

128/600 [=====>........................] - ETA: 1s - loss: 1.5368 - acc: 0.5469Epoch 3/50

 64/600 [==>...........................] - ETA: 2s - loss: 1.4654 - acc: 0.5781
192/600 [========>.....................] - ETA: 1s - loss: 1.4905 - acc: 0.5885
128/600 [=====>........................] - ETA: 1s - loss: 1.4210 - acc: 0.5938
256/600 [===========>..................] - ETA: 1s - loss: 1.5604 - acc: 0.5703
192/600 [========>.....................] - ETA: 1s - loss: 1.4624 - acc: 0.5833
320/600 [===============>..............] - ETA: 1s - loss: 1.5495 - acc: 0.5938
256/600 [===========>..................] - ETA: 1s - loss: 1.4265 - acc: 0.6055
384/600 [==================>...........] - ETA: 0s - loss: 1.4867 - acc: 0.6042
320/600 [===============>..............] - ETA: 1s - loss: 1.4266 - acc: 0.6156
448/600 [=====================>........] - ETA: 0s - loss: 1.5151 - acc: 0.5848Train on 600 samples, validate on 150 samples
Epoch 1/50

 64/600 [==>...........................] - ETA: 35s - loss: 2.1941 - acc: 0.3594
384/600 [==================>...........] - ETA: 0s - loss: 1.4431 - acc: 0.6094
512/600 [========================>.....] - ETA: 0s - loss: 1.5248 - acc: 0.5840
128/600 [=====>........................] - ETA: 16s - loss: 2.1665 - acc: 0.3906Train on 600 samples, validate on 150 samples
Epoch 1/50

 64/600 [==>...........................] - ETA: 35s - loss: 1.8333 - acc: 0.5781
448/600 [=====================>........] - ETA: 0s - loss: 1.4519 - acc: 0.6116
576/600 [===========================>..] - ETA: 0s - loss: 1.5365 - acc: 0.5712
192/600 [========>.....................] - ETA: 9s - loss: 2.1043 - acc: 0.4375 
128/600 [=====>........................] - ETA: 16s - loss: 1.8355 - acc: 0.5312
512/600 [========================>.....] - ETA: 0s - loss: 1.4656 - acc: 0.6016
600/600 [==============================] - 3s 4ms/step - loss: 1.5676 - acc: 0.5617 - val_loss: 1.8263 - val_acc: 0.4933

256/600 [===========>..................] - ETA: 6s - loss: 2.0004 - acc: 0.4414
192/600 [========>.....................] - ETA: 10s - loss: 1.9468 - acc: 0.4844
576/600 [===========================>..] - ETA: 0s - loss: 1.4454 - acc: 0.6076Epoch 4/50

 64/600 [==>...........................] - ETA: 2s - loss: 1.3030 - acc: 0.6406
320/600 [===============>..............] - ETA: 4s - loss: 2.0238 - acc: 0.4313
256/600 [===========>..................] - ETA: 6s - loss: 1.9362 - acc: 0.4805 
600/600 [==============================] - 3s 4ms/step - loss: 1.4726 - acc: 0.6017 - val_loss: 1.9733 - val_acc: 0.5267

128/600 [=====>........................] - ETA: 1s - loss: 1.3491 - acc: 0.6328
384/600 [==================>...........] - ETA: 3s - loss: 2.0178 - acc: 0.4427
320/600 [===============>..............] - ETA: 4s - loss: 1.9813 - acc: 0.4562Epoch 4/50

 64/600 [==>...........................] - ETA: 2s - loss: 1.4253 - acc: 0.6094
192/600 [========>.....................] - ETA: 1s - loss: 1.2862 - acc: 0.6562
448/600 [=====================>........] - ETA: 1s - loss: 1.9630 - acc: 0.4598
384/600 [==================>...........] - ETA: 3s - loss: 1.9348 - acc: 0.4635
128/600 [=====>........................] - ETA: 1s - loss: 1.5131 - acc: 0.5938
512/600 [========================>.....] - ETA: 1s - loss: 1.9575 - acc: 0.4629
256/600 [===========>..................] - ETA: 1s - loss: 1.3051 - acc: 0.6523
448/600 [=====================>........] - ETA: 1s - loss: 1.9657 - acc: 0.4576
192/600 [========>.....................] - ETA: 1s - loss: 1.4769 - acc: 0.5938
576/600 [===========================>..] - ETA: 0s - loss: 1.9440 - acc: 0.4583
320/600 [===============>..............] - ETA: 1s - loss: 1.3322 - acc: 0.6406
512/600 [========================>.....] - ETA: 1s - loss: 1.9603 - acc: 0.4570
256/600 [===========>..................] - ETA: 1s - loss: 1.4109 - acc: 0.6211
384/600 [==================>...........] - ETA: 0s - loss: 1.3326 - acc: 0.6432
576/600 [===========================>..] - ETA: 0s - loss: 1.9509 - acc: 0.4653
320/600 [===============>..............] - ETA: 1s - loss: 1.4118 - acc: 0.6031
448/600 [=====================>........] - ETA: 0s - loss: 1.3350 - acc: 0.6496
384/600 [==================>...........] - ETA: 0s - loss: 1.3907 - acc: 0.6120
512/600 [========================>.....] - ETA: 0s - loss: 1.3103 - acc: 0.6582
600/600 [==============================] - 7s 12ms/step - loss: 1.9479 - acc: 0.4567 - val_loss: 1.6945 - val_acc: 0.5933

448/600 [=====================>........] - ETA: 0s - loss: 1.3924 - acc: 0.6116
576/600 [===========================>..] - ETA: 0s - loss: 1.3536 - acc: 0.6441Epoch 2/50

 64/600 [==>...........................] - ETA: 2s - loss: 1.9938 - acc: 0.4688
600/600 [==============================] - 7s 12ms/step - loss: 1.9486 - acc: 0.4650 - val_loss: 1.7980 - val_acc: 0.5867

512/600 [========================>.....] - ETA: 0s - loss: 1.3722 - acc: 0.6191
600/600 [==============================] - 3s 4ms/step - loss: 1.3576 - acc: 0.6400 - val_loss: 1.8367 - val_acc: 0.4800

128/600 [=====>........................] - ETA: 1s - loss: 1.8320 - acc: 0.5234Epoch 2/50

 64/600 [==>...........................] - ETA: 2s - loss: 1.8238 - acc: 0.5000
576/600 [===========================>..] - ETA: 0s - loss: 1.3757 - acc: 0.6215Epoch 5/50

 64/600 [==>...........................] - ETA: 2s - loss: 1.2203 - acc: 0.6719
192/600 [========>.....................] - ETA: 1s - loss: 1.7615 - acc: 0.5260
128/600 [=====>........................] - ETA: 1s - loss: 1.7096 - acc: 0.5078
600/600 [==============================] - 3s 4ms/step - loss: 1.3631 - acc: 0.6267 - val_loss: 1.9270 - val_acc: 0.4533

128/600 [=====>........................] - ETA: 1s - loss: 1.1697 - acc: 0.7031
256/600 [===========>..................] - ETA: 1s - loss: 1.7801 - acc: 0.5156
192/600 [========>.....................] - ETA: 1s - loss: 1.6890 - acc: 0.5312
192/600 [========>.....................] - ETA: 1s - loss: 1.2582 - acc: 0.6771Epoch 5/50

 64/600 [==>...........................] - ETA: 2s - loss: 1.3727 - acc: 0.5781
320/600 [===============>..............] - ETA: 1s - loss: 1.7782 - acc: 0.5125
256/600 [===========>..................] - ETA: 1s - loss: 1.7214 - acc: 0.5234
256/600 [===========>..................] - ETA: 1s - loss: 1.2339 - acc: 0.6797
128/600 [=====>........................] - ETA: 1s - loss: 1.2600 - acc: 0.6484
384/600 [==================>...........] - ETA: 0s - loss: 1.7643 - acc: 0.4974
320/600 [===============>..............] - ETA: 1s - loss: 1.7450 - acc: 0.5312
320/600 [===============>..............] - ETA: 1s - loss: 1.2095 - acc: 0.6844
192/600 [========>.....................] - ETA: 1s - loss: 1.2853 - acc: 0.6302
448/600 [=====================>........] - ETA: 0s - loss: 1.7500 - acc: 0.5112
384/600 [==================>...........] - ETA: 0s - loss: 1.7204 - acc: 0.5391
384/600 [==================>...........] - ETA: 0s - loss: 1.2088 - acc: 0.6849
256/600 [===========>..................] - ETA: 1s - loss: 1.2346 - acc: 0.6562
512/600 [========================>.....] - ETA: 0s - loss: 1.7139 - acc: 0.5215
448/600 [=====================>........] - ETA: 0s - loss: 1.7119 - acc: 0.5357
448/600 [=====================>........] - ETA: 0s - loss: 1.1876 - acc: 0.6875
320/600 [===============>..............] - ETA: 1s - loss: 1.2435 - acc: 0.6594
576/600 [===========================>..] - ETA: 0s - loss: 1.7274 - acc: 0.5104
512/600 [========================>.....] - ETA: 0s - loss: 1.7030 - acc: 0.5410
512/600 [========================>.....] - ETA: 0s - loss: 1.2219 - acc: 0.6797
384/600 [==================>...........] - ETA: 0s - loss: 1.2562 - acc: 0.6562
600/600 [==============================] - 3s 4ms/step - loss: 1.7252 - acc: 0.5183 - val_loss: 1.7065 - val_acc: 0.5667

576/600 [===========================>..] - ETA: 0s - loss: 1.7290 - acc: 0.5295
576/600 [===========================>..] - ETA: 0s - loss: 1.2340 - acc: 0.6806
448/600 [=====================>........] - ETA: 0s - loss: 1.2396 - acc: 0.6629Epoch 3/50

 64/600 [==>...........................] - ETA: 2s - loss: 1.3698 - acc: 0.6250
600/600 [==============================] - 3s 4ms/step - loss: 1.7308 - acc: 0.5317 - val_loss: 1.8520 - val_acc: 0.5467

512/600 [========================>.....] - ETA: 0s - loss: 1.2403 - acc: 0.6562
600/600 [==============================] - 3s 4ms/step - loss: 1.2511 - acc: 0.6733 - val_loss: 1.8558 - val_acc: 0.4800

128/600 [=====>........................] - ETA: 1s - loss: 1.4626 - acc: 0.5938Epoch 3/50

 64/600 [==>...........................] - ETA: 2s - loss: 1.5720 - acc: 0.5625
576/600 [===========================>..] - ETA: 0s - loss: 1.2325 - acc: 0.6562Epoch 6/50

 64/600 [==>...........................] - ETA: 2s - loss: 0.9515 - acc: 0.7656
192/600 [========>.....................] - ETA: 1s - loss: 1.4313 - acc: 0.6302
128/600 [=====>........................] - ETA: 1s - loss: 1.5067 - acc: 0.6094
128/600 [=====>........................] - ETA: 1s - loss: 1.0525 - acc: 0.7266
600/600 [==============================] - 3s 4ms/step - loss: 1.2320 - acc: 0.6567 - val_loss: 1.9380 - val_acc: 0.4800

256/600 [===========>..................] - ETA: 1s - loss: 1.4847 - acc: 0.6094
192/600 [========>.....................] - ETA: 1s - loss: 1.5172 - acc: 0.5938
192/600 [========>.....................] - ETA: 1s - loss: 1.1442 - acc: 0.7083Epoch 6/50

 64/600 [==>...........................] - ETA: 2s - loss: 1.1196 - acc: 0.7500
320/600 [===============>..............] - ETA: 1s - loss: 1.4734 - acc: 0.6094
256/600 [===========>..................] - ETA: 1s - loss: 1.4931 - acc: 0.6016
256/600 [===========>..................] - ETA: 1s - loss: 1.1232 - acc: 0.7148
128/600 [=====>........................] - ETA: 1s - loss: 1.0603 - acc: 0.7266
384/600 [==================>...........] - ETA: 0s - loss: 1.4903 - acc: 0.6016
320/600 [===============>..............] - ETA: 1s - loss: 1.5466 - acc: 0.5906
320/600 [===============>..............] - ETA: 1s - loss: 1.1340 - acc: 0.7063
192/600 [========>.....................] - ETA: 1s - loss: 1.0774 - acc: 0.7031
448/600 [=====================>........] - ETA: 0s - loss: 1.4757 - acc: 0.6161
384/600 [==================>...........] - ETA: 0s - loss: 1.5498 - acc: 0.5885
384/600 [==================>...........] - ETA: 0s - loss: 1.1293 - acc: 0.7005
256/600 [===========>..................] - ETA: 1s - loss: 1.0675 - acc: 0.7070
512/600 [========================>.....] - ETA: 0s - loss: 1.4924 - acc: 0.6113
448/600 [=====================>........] - ETA: 0s - loss: 1.5156 - acc: 0.6049
448/600 [=====================>........] - ETA: 0s - loss: 1.1182 - acc: 0.7031
320/600 [===============>..............] - ETA: 1s - loss: 1.0600 - acc: 0.7094
576/600 [===========================>..] - ETA: 0s - loss: 1.5045 - acc: 0.6076
512/600 [========================>.....] - ETA: 0s - loss: 1.5247 - acc: 0.5918
512/600 [========================>.....] - ETA: 0s - loss: 1.1525 - acc: 0.6875
384/600 [==================>...........] - ETA: 0s - loss: 1.0907 - acc: 0.6953
600/600 [==============================] - 3s 4ms/step - loss: 1.4969 - acc: 0.6083 - val_loss: 1.8165 - val_acc: 0.5467

576/600 [===========================>..] - ETA: 0s - loss: 1.5458 - acc: 0.5833
576/600 [===========================>..] - ETA: 0s - loss: 1.1693 - acc: 0.6788
448/600 [=====================>........] - ETA: 0s - loss: 1.1131 - acc: 0.6964Epoch 4/50

 64/600 [==>...........................] - ETA: 2s - loss: 1.2971 - acc: 0.6719
600/600 [==============================] - 3s 4ms/step - loss: 1.5348 - acc: 0.5850 - val_loss: 1.9240 - val_acc: 0.5133

512/600 [========================>.....] - ETA: 0s - loss: 1.1357 - acc: 0.6934
600/600 [==============================] - 3s 4ms/step - loss: 1.1756 - acc: 0.6767 - val_loss: 1.8660 - val_acc: 0.4667

128/600 [=====>........................] - ETA: 1s - loss: 1.3890 - acc: 0.6406Epoch 4/50

 64/600 [==>...........................] - ETA: 2s - loss: 1.3721 - acc: 0.6250
576/600 [===========================>..] - ETA: 0s - loss: 1.1254 - acc: 0.6944Epoch 7/50

 64/600 [==>...........................] - ETA: 2s - loss: 0.9816 - acc: 0.7188
192/600 [========>.....................] - ETA: 1s - loss: 1.3909 - acc: 0.6354
128/600 [=====>........................] - ETA: 1s - loss: 1.3325 - acc: 0.6484
128/600 [=====>........................] - ETA: 1s - loss: 1.0010 - acc: 0.7344
256/600 [===========>..................] - ETA: 1s - loss: 1.3882 - acc: 0.6328
600/600 [==============================] - 3s 4ms/step - loss: 1.1343 - acc: 0.6883 - val_loss: 2.0030 - val_acc: 0.4467

192/600 [========>.....................] - ETA: 1s - loss: 1.3119 - acc: 0.6719
192/600 [========>.....................] - ETA: 1s - loss: 1.0351 - acc: 0.7240
320/600 [===============>..............] - ETA: 1s - loss: 1.3965 - acc: 0.6344
256/600 [===========>..................] - ETA: 1s - loss: 1.3717 - acc: 0.6328
256/600 [===========>..................] - ETA: 1s - loss: 1.0308 - acc: 0.7188
384/600 [==================>...........] - ETA: 0s - loss: 1.3797 - acc: 0.6354
320/600 [===============>..............] - ETA: 1s - loss: 1.3437 - acc: 0.6312
320/600 [===============>..............] - ETA: 1s - loss: 1.0277 - acc: 0.7156
448/600 [=====================>........] - ETA: 0s - loss: 1.3845 - acc: 0.6228
384/600 [==================>...........] - ETA: 0s - loss: 1.3235 - acc: 0.6432
384/600 [==================>...........] - ETA: 0s - loss: 1.0395 - acc: 0.7057
512/600 [========================>.....] - ETA: 0s - loss: 1.3718 - acc: 0.6230
448/600 [=====================>........] - ETA: 0s - loss: 1.3463 - acc: 0.6362
448/600 [=====================>........] - ETA: 0s - loss: 1.0334 - acc: 0.7031
576/600 [===========================>..] - ETA: 0s - loss: 1.3595 - acc: 0.6285
512/600 [========================>.....] - ETA: 0s - loss: 1.3397 - acc: 0.6328
512/600 [========================>.....] - ETA: 0s - loss: 1.0239 - acc: 0.7090
600/600 [==============================] - 3s 4ms/step - loss: 1.3488 - acc: 0.6333 - val_loss: 1.8762 - val_acc: 0.5067

576/600 [===========================>..] - ETA: 0s - loss: 1.3575 - acc: 0.6285
576/600 [===========================>..] - ETA: 0s - loss: 1.0152 - acc: 0.7118Epoch 5/50

 64/600 [==>...........................] - ETA: 2s - loss: 1.3242 - acc: 0.6094
600/600 [==============================] - 3s 4ms/step - loss: 1.3587 - acc: 0.6267 - val_loss: 1.9282 - val_acc: 0.4933

600/600 [==============================] - 3s 4ms/step - loss: 1.0332 - acc: 0.7067 - val_loss: 1.9105 - val_acc: 0.4667

128/600 [=====>........................] - ETA: 1s - loss: 1.2197 - acc: 0.6562Epoch 5/50

 64/600 [==>...........................] - ETA: 2s - loss: 1.2107 - acc: 0.7656
192/600 [========>.....................] - ETA: 1s - loss: 1.2190 - acc: 0.6615
128/600 [=====>........................] - ETA: 1s - loss: 1.1997 - acc: 0.7188
256/600 [===========>..................] - ETA: 1s - loss: 1.1992 - acc: 0.6836
192/600 [========>.....................] - ETA: 1s - loss: 1.2115 - acc: 0.7083
320/600 [===============>..............] - ETA: 1s - loss: 1.1903 - acc: 0.6844
256/600 [===========>..................] - ETA: 1s - loss: 1.1926 - acc: 0.6992
384/600 [==================>...........] - ETA: 0s - loss: 1.2258 - acc: 0.6667
320/600 [===============>..............] - ETA: 1s - loss: 1.2469 - acc: 0.6719
448/600 [=====================>........] - ETA: 0s - loss: 1.2324 - acc: 0.6652
384/600 [==================>...........] - ETA: 0s - loss: 1.2513 - acc: 0.6719
512/600 [========================>.....] - ETA: 0s - loss: 1.2344 - acc: 0.6699
448/600 [=====================>........] - ETA: 0s - loss: 1.2489 - acc: 0.6696
576/600 [===========================>..] - ETA: 0s - loss: 1.2312 - acc: 0.6719
512/600 [========================>.....] - ETA: 0s - loss: 1.2149 - acc: 0.6797
600/600 [==============================] - 3s 4ms/step - loss: 1.2236 - acc: 0.6767 - val_loss: 1.9902 - val_acc: 0.4933

576/600 [===========================>..] - ETA: 0s - loss: 1.2270 - acc: 0.6753Epoch 6/50

 64/600 [==>...........................] - ETA: 2s - loss: 1.1480 - acc: 0.6875142.61030292510986
Using TensorFlow backend.
Traceback (most recent call last):
  File "MPI.py", line 419, in <module>
    finalPrediction = Prediction[0]
TypeError: 'NoneType' object is not subscriptable

600/600 [==============================] - 3s 4ms/step - loss: 1.2415 - acc: 0.6717 - val_loss: 1.9204 - val_acc: 0.5400

128/600 [=====>........................] - ETA: 1s - loss: 0.9976 - acc: 0.7266Epoch 6/50

 64/600 [==>...........................] - ETA: 2s - loss: 1.2013 - acc: 0.6250
192/600 [========>.....................] - ETA: 1s - loss: 1.0538 - acc: 0.7135
128/600 [=====>........................] - ETA: 1s - loss: 1.1729 - acc: 0.6641
256/600 [===========>..................] - ETA: 1s - loss: 1.0951 - acc: 0.7070
192/600 [========>.....................] - ETA: 1s - loss: 1.1761 - acc: 0.6771
320/600 [===============>..............] - ETA: 1s - loss: 1.0772 - acc: 0.7063
256/600 [===========>..................] - ETA: 1s - loss: 1.1769 - acc: 0.6836
384/600 [==================>...........] - ETA: 0s - loss: 1.0848 - acc: 0.7109
320/600 [===============>..............] - ETA: 1s - loss: 1.1849 - acc: 0.6875
448/600 [=====================>........] - ETA: 0s - loss: 1.0937 - acc: 0.7009
384/600 [==================>...........] - ETA: 0s - loss: 1.1545 - acc: 0.7031
512/600 [========================>.....] - ETA: 0s - loss: 1.1085 - acc: 0.7012
448/600 [=====================>........] - ETA: 0s - loss: 1.1060 - acc: 0.7210
576/600 [===========================>..] - ETA: 0s - loss: 1.1134 - acc: 0.6910
512/600 [========================>.....] - ETA: 0s - loss: 1.1167 - acc: 0.7148
600/600 [==============================] - 3s 4ms/step - loss: 1.1160 - acc: 0.6917 - val_loss: 1.9557 - val_acc: 0.4667

576/600 [===========================>..] - ETA: 0s - loss: 1.1140 - acc: 0.7049
600/600 [==============================] - 3s 4ms/step - loss: 1.1153 - acc: 0.7017 - val_loss: 1.9546 - val_acc: 0.5067
147.13185167312622
Using TensorFlow backend.
Traceback (most recent call last):
  File "MPI.py", line 419, in <module>
    finalPrediction = Prediction[0]
TypeError: 'NoneType' object is not subscriptable
Train on 600 samples, validate on 150 samples
Epoch 1/50

 64/600 [==>...........................] - ETA: 29s - loss: 1.5406 - acc: 0.5781
128/600 [=====>........................] - ETA: 13s - loss: 1.6720 - acc: 0.5625
192/600 [========>.....................] - ETA: 8s - loss: 1.5039 - acc: 0.5990 
256/600 [===========>..................] - ETA: 5s - loss: 1.4744 - acc: 0.6172
320/600 [===============>..............] - ETA: 3s - loss: 1.3995 - acc: 0.6188
384/600 [==================>...........] - ETA: 2s - loss: 1.4029 - acc: 0.6172
448/600 [=====================>........] - ETA: 1s - loss: 1.4162 - acc: 0.6272
512/600 [========================>.....] - ETA: 0s - loss: 1.4268 - acc: 0.6309
576/600 [===========================>..] - ETA: 0s - loss: 1.4167 - acc: 0.6354
600/600 [==============================] - 6s 10ms/step - loss: 1.4163 - acc: 0.6367 - val_loss: 1.0629 - val_acc: 0.7267
Epoch 2/50

 64/600 [==>...........................] - ETA: 2s - loss: 1.3834 - acc: 0.6562
128/600 [=====>........................] - ETA: 1s - loss: 1.1505 - acc: 0.7109
192/600 [========>.....................] - ETA: 1s - loss: 1.2579 - acc: 0.6719
256/600 [===========>..................] - ETA: 1s - loss: 1.1726 - acc: 0.6875
320/600 [===============>..............] - ETA: 1s - loss: 1.2095 - acc: 0.6687
384/600 [==================>...........] - ETA: 0s - loss: 1.2257 - acc: 0.6589
448/600 [=====================>........] - ETA: 0s - loss: 1.1847 - acc: 0.6830
512/600 [========================>.....] - ETA: 0s - loss: 1.1638 - acc: 0.6914
576/600 [===========================>..] - ETA: 0s - loss: 1.1910 - acc: 0.6806
600/600 [==============================] - 2s 4ms/step - loss: 1.1870 - acc: 0.6833 - val_loss: 1.1227 - val_acc: 0.7000
Epoch 3/50

 64/600 [==>...........................] - ETA: 2s - loss: 1.0065 - acc: 0.7031
128/600 [=====>........................] - ETA: 1s - loss: 1.0609 - acc: 0.7109
192/600 [========>.....................] - ETA: 1s - loss: 0.9337 - acc: 0.7448
256/600 [===========>..................] - ETA: 1s - loss: 0.9851 - acc: 0.7461
320/600 [===============>..............] - ETA: 1s - loss: 1.0344 - acc: 0.7312
384/600 [==================>...........] - ETA: 0s - loss: 1.0411 - acc: 0.7318
448/600 [=====================>........] - ETA: 0s - loss: 1.0523 - acc: 0.7277
512/600 [========================>.....] - ETA: 0s - loss: 1.0838 - acc: 0.7188
576/600 [===========================>..] - ETA: 0s - loss: 1.0731 - acc: 0.7257
600/600 [==============================] - 2s 4ms/step - loss: 1.0664 - acc: 0.7233 - val_loss: 1.1752 - val_acc: 0.6667
Epoch 4/50

 64/600 [==>...........................] - ETA: 2s - loss: 0.9519 - acc: 0.8125
128/600 [=====>........................] - ETA: 1s - loss: 0.8535 - acc: 0.8125
192/600 [========>.....................] - ETA: 1s - loss: 0.9191 - acc: 0.7656
256/600 [===========>..................] - ETA: 1s - loss: 0.9143 - acc: 0.7695
320/600 [===============>..............] - ETA: 1s - loss: 0.9239 - acc: 0.7562
384/600 [==================>...........] - ETA: 0s - loss: 0.9141 - acc: 0.7604
448/600 [=====================>........] - ETA: 0s - loss: 0.8974 - acc: 0.7656
512/600 [========================>.....] - ETA: 0s - loss: 0.8947 - acc: 0.7656
576/600 [===========================>..] - ETA: 0s - loss: 0.8962 - acc: 0.7691
600/600 [==============================] - 2s 4ms/step - loss: 0.8918 - acc: 0.7700 - val_loss: 1.2149 - val_acc: 0.6400
Epoch 5/50

 64/600 [==>...........................] - ETA: 2s - loss: 0.7438 - acc: 0.7656
128/600 [=====>........................] - ETA: 1s - loss: 0.7048 - acc: 0.8125
192/600 [========>.....................] - ETA: 1s - loss: 0.7020 - acc: 0.8229
256/600 [===========>..................] - ETA: 1s - loss: 0.7198 - acc: 0.8125
320/600 [===============>..............] - ETA: 1s - loss: 0.7313 - acc: 0.8156
384/600 [==================>...........] - ETA: 0s - loss: 0.7955 - acc: 0.7943
448/600 [=====================>........] - ETA: 0s - loss: 0.8231 - acc: 0.7768
512/600 [========================>.....] - ETA: 0s - loss: 0.8084 - acc: 0.7832
576/600 [===========================>..] - ETA: 0s - loss: 0.8231 - acc: 0.7795
600/600 [==============================] - 2s 4ms/step - loss: 0.8257 - acc: 0.7800 - val_loss: 1.2628 - val_acc: 0.6600
Epoch 6/50

 64/600 [==>...........................] - ETA: 2s - loss: 0.7199 - acc: 0.7812
128/600 [=====>........................] - ETA: 1s - loss: 0.6939 - acc: 0.7891
192/600 [========>.....................] - ETA: 1s - loss: 0.7082 - acc: 0.7969
256/600 [===========>..................] - ETA: 1s - loss: 0.7543 - acc: 0.7852
320/600 [===============>..............] - ETA: 1s - loss: 0.7446 - acc: 0.7844
384/600 [==================>...........] - ETA: 0s - loss: 0.7763 - acc: 0.7865
448/600 [=====================>........] - ETA: 0s - loss: 0.7480 - acc: 0.7969
512/600 [========================>.....] - ETA: 0s - loss: 0.7413 - acc: 0.7988
576/600 [===========================>..] - ETA: 0s - loss: 0.7453 - acc: 0.7951
600/600 [==============================] - 2s 4ms/step - loss: 0.7678 - acc: 0.7900 - val_loss: 1.3836 - val_acc: 0.6333
176.69216775894165
Using TensorFlow backend.
Using TensorFlow backend.
140.6848177909851
Traceback (most recent call last):
  File "MPI.py", line 419, in <module>
    finalPrediction = Prediction[0]
TypeError: 'NoneType' object is not subscriptable
Traceback (most recent call last):
  File "MPI.py", line 421, in <module>
    finalPrediction = finalPrediction.merge(item,left_index=True,right_index=True)
AttributeError: 'numpy.ndarray' object has no attribute 'merge'

real	3m56.777s
user	10m47.457s
sys	1m1.503s
